<?xml version="1.0" encoding="UTF-8"?>
<!-- Generated by org.testng.reporters.JUnitReportReporter -->
<testsuite hostname="BLRTESLTP-2562" failures="0" tests="1" name="scripts.TestCase2" time="12.251" errors="0" timestamp="2022-09-13T00:00:26 IST" skipped="0">
  <testcase classname="scripts.TestCase2" name="tc2" time="12.251"/>
  <system-out/>
</testsuite> <!-- scripts.TestCase2 -->
