<?xml version="1.0" encoding="UTF-8"?>
<!-- Generated by org.testng.reporters.JUnitReportReporter -->
<testsuite hostname="BLRTESLTP-2562" failures="0" tests="1" name="scripts.TestCase3" time="22.621" errors="0" timestamp="2022-09-13T12:01:00 IST" skipped="0">
  <testcase classname="scripts.TestCase3" name="tc3" time="22.621"/>
  <system-out/>
</testsuite> <!-- scripts.TestCase3 -->
